<?xml version="1.0" encoding="utf-8"?>
<coverage line-rate="0.5555" branch-rate="0.5" version="1.9" timestamp="1691685390" lines-covered="5" lines-valid="9" branches-covered="1" branches-valid="2">
  <sources>
    <source>C:\</source>
  </sources>
  <packages>
    <package name="SampleLib" line-rate="0.5555" branch-rate="0.5" complexity="3">
      <classes>
        <class name="SampleClass.HelloClass" filename="git\TopCover\TopCover\SampleLib\HelloClass.cs" line-rate="0.5555" branch-rate="0.5" complexity="3">
          <methods>
            <method name="Hello" signature="(System.Boolean)" line-rate="0.8332999999999999" branch-rate="0.5" complexity="2">
              <lines>
                <line number="6" hits="1" branch="False" />
                <line number="7" hits="2" branch="True" condition-coverage="50% (1/2)">
                  <conditions>
                    <condition number="4" type="jump" coverage="50%" />
                  </conditions>
                </line>
                <line number="8" hits="1" branch="False" />
                <line number="9" hits="1" branch="False" />
                <line number="12" hits="0" branch="False" />
                <line number="13" hits="1" branch="False" />
              </lines>
            </method>
            <method name="Untested" signature="(System.String)" line-rate="0" branch-rate="1" complexity="1">
              <lines>
                <line number="16" hits="0" branch="False" />
                <line number="17" hits="0" branch="False" />
                <line number="18" hits="0" branch="False" />
              </lines>
            </method>
          </methods>
          <lines>
            <line number="6" hits="1" branch="False" />
            <line number="7" hits="2" branch="True" condition-coverage="50% (1/2)">
              <conditions>
                <condition number="4" type="jump" coverage="50%" />
              </conditions>
            </line>
            <line number="8" hits="1" branch="False" />
            <line number="9" hits="1" branch="False" />
            <line number="12" hits="0" branch="False" />
            <line number="13" hits="1" branch="False" />
            <line number="16" hits="0" branch="False" />
            <line number="17" hits="0" branch="False" />
            <line number="18" hits="0" branch="False" />
          </lines>
        </class>
      </classes>
    </package>
  </packages>
</coverage>